<?xml version="1.0" encoding="UTF-8"?>
<testng-results ignored="0" total="1" passed="1" failed="0" skipped="0">
  <reporter-output>
  </reporter-output>
  <suite started-at="2021-01-10T18:57:51Z" name="Suite" finished-at="2021-01-10T18:58:23Z" duration-ms="31885">
    <groups>
    </groups>
    <test started-at="2021-01-10T18:57:51Z" name="Test" finished-at="2021-01-10T18:58:23Z" duration-ms="31885">
      <class name="org.test.Blazedem">
        <test-method is-config="true" signature="la()[pri:0, instance:org.test.Blazedem@3e27aa33]" started-at="2021-01-10T18:57:51Z" name="la" finished-at="2021-01-10T18:57:58Z" duration-ms="6118" status="PASS">
          <reporter-output>
          </reporter-output>
        </test-method> <!-- la -->
        <test-method is-config="true" signature="start()[pri:0, instance:org.test.Blazedem@3e27aa33]" started-at="2021-01-10T18:57:58Z" name="start" finished-at="2021-01-10T18:57:58Z" duration-ms="1" status="PASS">
          <reporter-output>
          </reporter-output>
        </test-method> <!-- start -->
        <test-method signature="testcase(java.lang.String, java.lang.String, java.lang.String, java.lang.String, java.lang.String, java.lang.String, java.lang.String, java.lang.String, java.lang.String, java.lang.String, java.lang.String, java.lang.String)[pri:0, instance:org.test.Blazedem@3e27aa33]" started-at="2021-01-10T18:57:58Z" name="testcase" finished-at="2021-01-10T18:58:23Z" duration-ms="24962" status="PASS">
          <params>
            <param index="0">
              <value>
                <![CDATA[Portland]]>
              </value>
            </param>
            <param index="1">
              <value>
                <![CDATA[London]]>
              </value>
            </param>
            <param index="2">
              <value>
                <![CDATA[Gowtham]]>
              </value>
            </param>
            <param index="3">
              <value>
                <![CDATA[west street]]>
              </value>
            </param>
            <param index="4">
              <value>
                <![CDATA[kumbakonam]]>
              </value>
            </param>
            <param index="5">
              <value>
                <![CDATA[Tamilnadu]]>
              </value>
            </param>
            <param index="6">
              <value>
                <![CDATA[612002]]>
              </value>
            </param>
            <param index="7">
              <value>
                <![CDATA[Diner's Club]]>
              </value>
            </param>
            <param index="8">
              <value>
                <![CDATA[1425369871425]]>
              </value>
            </param>
            <param index="9">
              <value>
                <![CDATA[07]]>
              </value>
            </param>
            <param index="10">
              <value>
                <![CDATA[2025]]>
              </value>
            </param>
            <param index="11">
              <value>
                <![CDATA[Gowtham]]>
              </value>
            </param>
          </params>
          <reporter-output>
          </reporter-output>
        </test-method> <!-- testcase -->
        <test-method is-config="true" signature="end()[pri:0, instance:org.test.Blazedem@3e27aa33]" started-at="2021-01-10T18:58:23Z" name="end" finished-at="2021-01-10T18:58:23Z" duration-ms="1" status="PASS">
          <reporter-output>
          </reporter-output>
        </test-method> <!-- end -->
        <test-method is-config="true" signature="clo()[pri:0, instance:org.test.Blazedem@3e27aa33]" started-at="2021-01-10T18:58:23Z" name="clo" finished-at="2021-01-10T18:58:23Z" duration-ms="771" status="PASS">
          <reporter-output>
          </reporter-output>
        </test-method> <!-- clo -->
      </class> <!-- org.test.Blazedem -->
    </test> <!-- Test -->
  </suite> <!-- Suite -->
</testng-results>
